<?xml version="1.0" encoding="UTF-8" ?>
<testsuite tests="5" failures="0" name="com.whpu.mall.utils.DButilsTest" time="0.879" errors="0" skipped="0">
  <properties>
[...]
</properties>
  <testcase classname="com.whpu.mall.utils.DButilsTest" name="test01" time="0.784"/>
  <testcase classname="com.whpu.mall.utils.DButilsTest" name="test02" time="0.046"/>
  <testcase classname="com.whpu.mall.utils.DButilsTest" name="test03" time="0.049"/>
  <testcase classname="com.whpu.mall.utils.DButilsTest" name="test04" time="0"/>
  <testcase classname="com.whpu.mall.utils.DButilsTest" name="test05" time="0"/>
</testsuite>